[0.009s] Invoking command in '/home/darell/dev_ws/src/my_package/build/my_package': CMAKE_PREFIX_PATH=/opt/ros/foxy:${CMAKE_PREFIX_PATH} /usr/bin/cmake /home/darell/dev_ws/src/my_package -DAMENT_CMAKE_SYMLINK_INSTALL=1 -DCMAKE_INSTALL_PREFIX=/home/darell/dev_ws/src/my_package/install/my_package
[0.063s] -- The C compiler identification is GNU 9.4.0
[0.120s] -- The CXX compiler identification is GNU 9.4.0
[0.127s] -- Check for working C compiler: /usr/bin/cc
[0.192s] -- Check for working C compiler: /usr/bin/cc -- works
[0.194s] -- Detecting C compiler ABI info
[0.266s] -- Detecting C compiler ABI info - done
[0.280s] -- Detecting C compile features
[0.280s] -- Detecting C compile features - done
[0.282s] -- Check for working CXX compiler: /usr/bin/c++
[0.362s] -- Check for working CXX compiler: /usr/bin/c++ -- works
[0.364s] -- Detecting CXX compiler ABI info
[0.436s] -- Detecting CXX compiler ABI info - done
[0.448s] -- Detecting CXX compile features
[0.448s] -- Detecting CXX compile features - done
[0.450s] -- Found ament_cmake: 0.9.12 (/opt/ros/foxy/share/ament_cmake/cmake)
[0.470s] -- Found PythonInterp: /usr/bin/python3 (found suitable version "3.8.10", minimum required is "3") 
[0.470s] -- Using PYTHON_EXECUTABLE: /usr/bin/python3
[0.623s] -- Override CMake install command with custom implementation using symlinks instead of copying resources
[0.640s] -- Found ament_lint_auto: 0.9.8 (/opt/ros/foxy/share/ament_lint_auto/cmake)
[0.705s] -- Added test 'copyright' to check source files copyright and LICENSE
[0.709s] -- Added test 'cppcheck' to perform static code analysis on C / C++ code
[0.709s] -- Configured cppcheck include dirs: 
[0.709s] -- Configured cppcheck exclude dirs and/or files: 
[0.713s] -- Added test 'cpplint' to check C / C++ code against the Google style
[0.713s] -- Configured cpplint exclude dirs and/or files: 
[0.713s] -- Added test 'flake8' to check Python code syntax and style conventions
[0.714s] -- Added test 'lint_cmake' to check CMake code style
[0.715s] -- Added test 'pep257' to check Python code against some of the style conventions in PEP 257
[0.719s] -- Added test 'uncrustify' to check C / C++ code style
[0.719s] -- Configured uncrustify additional arguments: 
[0.720s] -- Added test 'xmllint' to check XML markup files
[0.721s] -- Configuring done
[0.722s] -- Generating done
[0.723s] -- Build files have been written to: /home/darell/dev_ws/src/my_package/build/my_package
[0.726s] Invoked command in '/home/darell/dev_ws/src/my_package/build/my_package' returned '0': CMAKE_PREFIX_PATH=/opt/ros/foxy:${CMAKE_PREFIX_PATH} /usr/bin/cmake /home/darell/dev_ws/src/my_package -DAMENT_CMAKE_SYMLINK_INSTALL=1 -DCMAKE_INSTALL_PREFIX=/home/darell/dev_ws/src/my_package/install/my_package
[0.728s] Invoking command in '/home/darell/dev_ws/src/my_package/build/my_package': CMAKE_PREFIX_PATH=/opt/ros/foxy:${CMAKE_PREFIX_PATH} /usr/bin/cmake --build /home/darell/dev_ws/src/my_package/build/my_package -- -j12 -l12
[0.777s] Invoked command in '/home/darell/dev_ws/src/my_package/build/my_package' returned '0': CMAKE_PREFIX_PATH=/opt/ros/foxy:${CMAKE_PREFIX_PATH} /usr/bin/cmake --build /home/darell/dev_ws/src/my_package/build/my_package -- -j12 -l12
[0.820s] Invoking command in '/home/darell/dev_ws/src/my_package/build/my_package': CMAKE_PREFIX_PATH=/opt/ros/foxy:${CMAKE_PREFIX_PATH} /usr/bin/cmake --install /home/darell/dev_ws/src/my_package/build/my_package
[0.832s] -- Install configuration: ""
[0.833s] -- Execute custom install script
[0.833s] -- Symlinking: /home/darell/dev_ws/src/my_package/install/my_package/share/ament_index/resource_index/package_run_dependencies/my_package
[0.843s] -- Symlinking: /home/darell/dev_ws/src/my_package/install/my_package/share/ament_index/resource_index/parent_prefix_path/my_package
[0.848s] -- Symlinking: /home/darell/dev_ws/src/my_package/install/my_package/share/my_package/environment/ament_prefix_path.sh
[0.858s] -- Symlinking: /home/darell/dev_ws/src/my_package/install/my_package/share/my_package/environment/ament_prefix_path.dsv
[0.868s] -- Symlinking: /home/darell/dev_ws/src/my_package/install/my_package/share/my_package/environment/path.sh
[0.879s] -- Symlinking: /home/darell/dev_ws/src/my_package/install/my_package/share/my_package/environment/path.dsv
[0.888s] -- Symlinking: /home/darell/dev_ws/src/my_package/install/my_package/share/my_package/local_setup.bash
[0.893s] -- Symlinking: /home/darell/dev_ws/src/my_package/install/my_package/share/my_package/local_setup.sh
[0.898s] -- Symlinking: /home/darell/dev_ws/src/my_package/install/my_package/share/my_package/local_setup.zsh
[0.904s] -- Symlinking: /home/darell/dev_ws/src/my_package/install/my_package/share/my_package/local_setup.dsv
[0.909s] -- Symlinking: /home/darell/dev_ws/src/my_package/install/my_package/share/my_package/package.dsv
[0.914s] -- Symlinking: /home/darell/dev_ws/src/my_package/install/my_package/share/ament_index/resource_index/packages/my_package
[0.920s] -- Symlinking: /home/darell/dev_ws/src/my_package/install/my_package/share/my_package/cmake/my_packageConfig.cmake
[0.926s] -- Symlinking: /home/darell/dev_ws/src/my_package/install/my_package/share/my_package/cmake/my_packageConfig-version.cmake
[0.935s] -- Symlinking: /home/darell/dev_ws/src/my_package/install/my_package/share/my_package/package.xml
[0.944s] Invoked command in '/home/darell/dev_ws/src/my_package/build/my_package' returned '0': CMAKE_PREFIX_PATH=/opt/ros/foxy:${CMAKE_PREFIX_PATH} /usr/bin/cmake --install /home/darell/dev_ws/src/my_package/build/my_package
