[0.161s] DEBUG:colcon:Command line arguments: ['/usr/bin/colcon', 'build', '--symlink-install']
[0.161s] DEBUG:colcon:Parsed command line arguments: Namespace(allow_overriding=[], ament_cmake_args=None, base_paths=['.'], build_base='build', catkin_cmake_args=None, catkin_skip_building_tests=False, cmake_args=None, cmake_clean_cache=False, cmake_clean_first=False, cmake_force_configure=False, cmake_target=None, cmake_target_skip_unavailable=False, continue_on_error=False, event_handlers=None, executor='parallel', ignore_user_meta=False, install_base='install', log_base=None, log_level=None, main=<bound method BuildVerb.main of <colcon_core.verb.build.BuildVerb object at 0x7f3e746181f0>>, merge_install=False, metas=['./colcon.meta'], packages_above=None, packages_above_and_dependencies=None, packages_above_depth=None, packages_end=None, packages_ignore=None, packages_ignore_regex=None, packages_select=None, packages_select_build_failed=False, packages_select_by_dep=None, packages_select_regex=None, packages_select_test_failures=False, packages_skip=None, packages_skip_build_finished=False, packages_skip_by_dep=None, packages_skip_regex=None, packages_skip_test_passed=False, packages_skip_up_to=None, packages_start=None, packages_up_to=None, packages_up_to_regex=None, parallel_workers=12, paths=None, symlink_install=True, test_result_base=None, verb_extension=<colcon_core.verb.build.BuildVerb object at 0x7f3e746181f0>, verb_name='build', verb_parser=<colcon_defaults.argument_parser.defaults.DefaultArgumentsDecorator object at 0x7f3e746186d0>)
[0.310s] Level 1:colcon.colcon_core.package_discovery:discover_packages(colcon_meta) check parameters
[0.310s] Level 1:colcon.colcon_core.package_discovery:discover_packages(recursive) check parameters
[0.310s] Level 1:colcon.colcon_core.package_discovery:discover_packages(ignore) check parameters
[0.310s] Level 1:colcon.colcon_core.package_discovery:discover_packages(path) check parameters
[0.310s] Level 1:colcon.colcon_core.package_discovery:discover_packages(colcon_meta) discover
[0.310s] Level 1:colcon.colcon_core.package_discovery:discover_packages(recursive) discover
[0.310s] INFO:colcon.colcon_core.package_discovery:Crawling recursively for packages in '/home/darell/dev_ws/src/my_package'
[0.310s] Level 1:colcon.colcon_core.package_identification:_identify(.) by extensions ['ignore', 'ignore_ament_install']
[0.310s] Level 1:colcon.colcon_core.package_identification:_identify(.) by extension 'ignore'
[0.310s] Level 1:colcon.colcon_core.package_identification:_identify(.) by extension 'ignore_ament_install'
[0.310s] Level 1:colcon.colcon_core.package_identification:_identify(.) by extensions ['colcon_pkg']
[0.310s] Level 1:colcon.colcon_core.package_identification:_identify(.) by extension 'colcon_pkg'
[0.310s] Level 1:colcon.colcon_core.package_identification:_identify(.) by extensions ['colcon_meta']
[0.310s] Level 1:colcon.colcon_core.package_identification:_identify(.) by extension 'colcon_meta'
[0.310s] Level 1:colcon.colcon_core.package_identification:_identify(.) by extensions ['ros']
[0.310s] Level 1:colcon.colcon_core.package_identification:_identify(.) by extension 'ros'
[0.320s] DEBUG:colcon.colcon_core.package_identification:Package '.' with type 'ros.ament_cmake' and name 'my_package'
[0.320s] Level 1:colcon.colcon_core.package_discovery:discover_packages(recursive) using defaults
[0.320s] Level 1:colcon.colcon_core.package_discovery:discover_packages(ignore) discover
[0.320s] Level 1:colcon.colcon_core.package_discovery:discover_packages(ignore) using defaults
[0.320s] Level 1:colcon.colcon_core.package_discovery:discover_packages(path) discover
[0.320s] Level 1:colcon.colcon_core.package_discovery:discover_packages(path) using defaults
[0.333s] Level 1:colcon.colcon_core.package_discovery:discover_packages(prefix_path) check parameters
[0.333s] Level 1:colcon.colcon_core.package_discovery:discover_packages(prefix_path) discover
[0.334s] DEBUG:colcon.colcon_installed_package_information.package_discovery:Found 256 installed packages in /opt/ros/foxy
[0.344s] Level 1:colcon.colcon_core.package_discovery:discover_packages(prefix_path) using defaults
[0.385s] Level 5:colcon.colcon_core.verb:set package 'my_package' build argument 'cmake_args' from command line to 'None'
[0.385s] Level 5:colcon.colcon_core.verb:set package 'my_package' build argument 'cmake_target' from command line to 'None'
[0.385s] Level 5:colcon.colcon_core.verb:set package 'my_package' build argument 'cmake_target_skip_unavailable' from command line to 'False'
[0.385s] Level 5:colcon.colcon_core.verb:set package 'my_package' build argument 'cmake_clean_cache' from command line to 'False'
[0.385s] Level 5:colcon.colcon_core.verb:set package 'my_package' build argument 'cmake_clean_first' from command line to 'False'
[0.385s] Level 5:colcon.colcon_core.verb:set package 'my_package' build argument 'cmake_force_configure' from command line to 'False'
[0.385s] Level 5:colcon.colcon_core.verb:set package 'my_package' build argument 'ament_cmake_args' from command line to 'None'
[0.385s] Level 5:colcon.colcon_core.verb:set package 'my_package' build argument 'catkin_cmake_args' from command line to 'None'
[0.385s] Level 5:colcon.colcon_core.verb:set package 'my_package' build argument 'catkin_skip_building_tests' from command line to 'False'
[0.385s] DEBUG:colcon.colcon_core.verb:Building package 'my_package' with the following arguments: {'ament_cmake_args': None, 'build_base': '/home/darell/dev_ws/src/my_package/build/my_package', 'catkin_cmake_args': None, 'catkin_skip_building_tests': False, 'cmake_args': None, 'cmake_clean_cache': False, 'cmake_clean_first': False, 'cmake_force_configure': False, 'cmake_target': None, 'cmake_target_skip_unavailable': False, 'install_base': '/home/darell/dev_ws/src/my_package/install/my_package', 'merge_install': False, 'path': '/home/darell/dev_ws/src/my_package', 'symlink_install': True, 'test_result_base': None}
[0.385s] INFO:colcon.colcon_core.executor:Executing jobs using 'parallel' executor
[0.386s] DEBUG:colcon.colcon_parallel_executor.executor.parallel:run_until_complete
[0.386s] INFO:colcon.colcon_ros.task.ament_cmake.build:Building ROS package in '/home/darell/dev_ws/src/my_package' with build type 'ament_cmake'
[0.386s] INFO:colcon.colcon_cmake.task.cmake.build:Building CMake package in '/home/darell/dev_ws/src/my_package'
[0.388s] INFO:colcon.colcon_core.plugin_system:Skipping extension 'colcon_core.shell.bat': Not used on non-Windows systems
[0.388s] INFO:colcon.colcon_core.shell:Skip shell extension 'powershell' for command environment: Not usable outside of PowerShell
[0.388s] DEBUG:colcon.colcon_core.shell:Skip shell extension 'dsv' for command environment
[0.389s] DEBUG:colcon.colcon_core.shell:Ignoring prefix path '/opt/ros/noetic'
[0.395s] DEBUG:colcon.colcon_core.event_handler.log_command:Invoking command in '/home/darell/dev_ws/src/my_package/build/my_package': CMAKE_PREFIX_PATH=/opt/ros/foxy:${CMAKE_PREFIX_PATH} /usr/bin/cmake /home/darell/dev_ws/src/my_package -DAMENT_CMAKE_SYMLINK_INSTALL=1 -DCMAKE_INSTALL_PREFIX=/home/darell/dev_ws/src/my_package/install/my_package
[1.112s] DEBUG:colcon.colcon_core.event_handler.log_command:Invoked command in '/home/darell/dev_ws/src/my_package/build/my_package' returned '0': CMAKE_PREFIX_PATH=/opt/ros/foxy:${CMAKE_PREFIX_PATH} /usr/bin/cmake /home/darell/dev_ws/src/my_package -DAMENT_CMAKE_SYMLINK_INSTALL=1 -DCMAKE_INSTALL_PREFIX=/home/darell/dev_ws/src/my_package/install/my_package
[1.115s] DEBUG:colcon.colcon_core.event_handler.log_command:Invoking command in '/home/darell/dev_ws/src/my_package/build/my_package': CMAKE_PREFIX_PATH=/opt/ros/foxy:${CMAKE_PREFIX_PATH} /usr/bin/cmake --build /home/darell/dev_ws/src/my_package/build/my_package -- -j12 -l12
[1.164s] DEBUG:colcon.colcon_core.event_handler.log_command:Invoked command in '/home/darell/dev_ws/src/my_package/build/my_package' returned '0': CMAKE_PREFIX_PATH=/opt/ros/foxy:${CMAKE_PREFIX_PATH} /usr/bin/cmake --build /home/darell/dev_ws/src/my_package/build/my_package -- -j12 -l12
[1.207s] DEBUG:colcon.colcon_core.event_handler.log_command:Invoking command in '/home/darell/dev_ws/src/my_package/build/my_package': CMAKE_PREFIX_PATH=/opt/ros/foxy:${CMAKE_PREFIX_PATH} /usr/bin/cmake --install /home/darell/dev_ws/src/my_package/build/my_package
[1.330s] Level 1:colcon.colcon_core.environment:create_environment_scripts_only(my_package)
[1.331s] DEBUG:colcon.colcon_core.event_handler.log_command:Invoked command in '/home/darell/dev_ws/src/my_package/build/my_package' returned '0': CMAKE_PREFIX_PATH=/opt/ros/foxy:${CMAKE_PREFIX_PATH} /usr/bin/cmake --install /home/darell/dev_ws/src/my_package/build/my_package
[1.334s] Level 1:colcon.colcon_core.environment:checking '/home/darell/dev_ws/src/my_package/install/my_package' for CMake module files
[1.334s] Level 1:colcon.colcon_core.environment:checking '/home/darell/dev_ws/src/my_package/install/my_package' for CMake config files
[1.335s] Level 1:colcon.colcon_core.shell:create_environment_hook('my_package', 'cmake_prefix_path')
[1.335s] INFO:colcon.colcon_core.shell:Creating environment hook '/home/darell/dev_ws/src/my_package/install/my_package/share/my_package/hook/cmake_prefix_path.ps1'
[1.336s] INFO:colcon.colcon_core.shell:Creating environment descriptor '/home/darell/dev_ws/src/my_package/install/my_package/share/my_package/hook/cmake_prefix_path.dsv'
[1.337s] INFO:colcon.colcon_core.shell:Creating environment hook '/home/darell/dev_ws/src/my_package/install/my_package/share/my_package/hook/cmake_prefix_path.sh'
[1.339s] Level 1:colcon.colcon_core.environment:checking '/home/darell/dev_ws/src/my_package/install/my_package/bin'
[1.339s] Level 1:colcon.colcon_core.environment:checking '/home/darell/dev_ws/src/my_package/install/my_package/lib/pkgconfig/my_package.pc'
[1.340s] Level 1:colcon.colcon_core.environment:checking '/home/darell/dev_ws/src/my_package/install/my_package/lib/python3.8/site-packages'
[1.340s] Level 1:colcon.colcon_core.environment:checking '/home/darell/dev_ws/src/my_package/install/my_package/bin'
[1.341s] INFO:colcon.colcon_core.shell:Creating package script '/home/darell/dev_ws/src/my_package/install/my_package/share/my_package/package.ps1'
[1.342s] INFO:colcon.colcon_core.shell:Creating package descriptor '/home/darell/dev_ws/src/my_package/install/my_package/share/my_package/package.dsv'
[1.343s] INFO:colcon.colcon_core.shell:Creating package script '/home/darell/dev_ws/src/my_package/install/my_package/share/my_package/package.sh'
[1.344s] INFO:colcon.colcon_core.shell:Creating package script '/home/darell/dev_ws/src/my_package/install/my_package/share/my_package/package.bash'
[1.344s] INFO:colcon.colcon_core.shell:Creating package script '/home/darell/dev_ws/src/my_package/install/my_package/share/my_package/package.zsh'
[1.345s] Level 1:colcon.colcon_core.environment:create_file_with_runtime_dependencies(/home/darell/dev_ws/src/my_package/install/my_package/share/colcon-core/packages/my_package)
[1.369s] Level 1:colcon.colcon_core.environment:create_environment_scripts_only(my_package)
[1.369s] Level 1:colcon.colcon_core.environment:checking '/home/darell/dev_ws/src/my_package/install/my_package' for CMake module files
[1.369s] Level 1:colcon.colcon_core.environment:checking '/home/darell/dev_ws/src/my_package/install/my_package' for CMake config files
[1.370s] Level 1:colcon.colcon_core.shell:create_environment_hook('my_package', 'cmake_prefix_path')
[1.370s] INFO:colcon.colcon_core.shell:Creating environment hook '/home/darell/dev_ws/src/my_package/install/my_package/share/my_package/hook/cmake_prefix_path.ps1'
[1.370s] INFO:colcon.colcon_core.shell:Creating environment descriptor '/home/darell/dev_ws/src/my_package/install/my_package/share/my_package/hook/cmake_prefix_path.dsv'
[1.370s] INFO:colcon.colcon_core.shell:Creating environment hook '/home/darell/dev_ws/src/my_package/install/my_package/share/my_package/hook/cmake_prefix_path.sh'
[1.371s] Level 1:colcon.colcon_core.environment:checking '/home/darell/dev_ws/src/my_package/install/my_package/bin'
[1.371s] Level 1:colcon.colcon_core.environment:checking '/home/darell/dev_ws/src/my_package/install/my_package/lib/pkgconfig/my_package.pc'
[1.371s] Level 1:colcon.colcon_core.environment:checking '/home/darell/dev_ws/src/my_package/install/my_package/lib/python3.8/site-packages'
[1.371s] Level 1:colcon.colcon_core.environment:checking '/home/darell/dev_ws/src/my_package/install/my_package/bin'
[1.371s] INFO:colcon.colcon_core.shell:Creating package script '/home/darell/dev_ws/src/my_package/install/my_package/share/my_package/package.ps1'
[1.372s] INFO:colcon.colcon_core.shell:Creating package descriptor '/home/darell/dev_ws/src/my_package/install/my_package/share/my_package/package.dsv'
[1.372s] INFO:colcon.colcon_core.shell:Creating package script '/home/darell/dev_ws/src/my_package/install/my_package/share/my_package/package.sh'
[1.372s] INFO:colcon.colcon_core.shell:Creating package script '/home/darell/dev_ws/src/my_package/install/my_package/share/my_package/package.bash'
[1.372s] INFO:colcon.colcon_core.shell:Creating package script '/home/darell/dev_ws/src/my_package/install/my_package/share/my_package/package.zsh'
[1.373s] Level 1:colcon.colcon_core.environment:create_file_with_runtime_dependencies(/home/darell/dev_ws/src/my_package/install/my_package/share/colcon-core/packages/my_package)
[1.373s] DEBUG:colcon.colcon_parallel_executor.executor.parallel:closing loop
[1.373s] DEBUG:colcon.colcon_parallel_executor.executor.parallel:loop closed
[1.373s] DEBUG:colcon.colcon_parallel_executor.executor.parallel:run_until_complete finished with '0'
[1.373s] DEBUG:colcon.colcon_core.event_reactor:joining thread
[1.381s] INFO:colcon.colcon_core.plugin_system:Skipping extension 'colcon_notification.desktop_notification.terminal_notifier': Not used on non-Darwin systems
[1.381s] INFO:colcon.colcon_core.plugin_system:Skipping extension 'colcon_notification.desktop_notification.win32': Not used on non-Windows systems
[1.381s] INFO:colcon.colcon_notification.desktop_notification:Sending desktop notification using 'notify2'
[1.397s] DEBUG:colcon.colcon_core.event_reactor:joined thread
[1.397s] INFO:colcon.colcon_core.shell:Creating prefix script '/home/darell/dev_ws/src/my_package/install/local_setup.ps1'
[1.398s] INFO:colcon.colcon_core.shell:Creating prefix util module '/home/darell/dev_ws/src/my_package/install/_local_setup_util_ps1.py'
[1.399s] INFO:colcon.colcon_core.shell:Creating prefix chain script '/home/darell/dev_ws/src/my_package/install/setup.ps1'
[1.400s] INFO:colcon.colcon_core.shell:Creating prefix script '/home/darell/dev_ws/src/my_package/install/local_setup.sh'
[1.400s] INFO:colcon.colcon_core.shell:Creating prefix util module '/home/darell/dev_ws/src/my_package/install/_local_setup_util_sh.py'
[1.400s] INFO:colcon.colcon_core.shell:Creating prefix chain script '/home/darell/dev_ws/src/my_package/install/setup.sh'
[1.401s] INFO:colcon.colcon_core.shell:Creating prefix script '/home/darell/dev_ws/src/my_package/install/local_setup.bash'
[1.402s] INFO:colcon.colcon_core.shell:Creating prefix chain script '/home/darell/dev_ws/src/my_package/install/setup.bash'
[1.403s] INFO:colcon.colcon_core.shell:Creating prefix script '/home/darell/dev_ws/src/my_package/install/local_setup.zsh'
[1.404s] INFO:colcon.colcon_core.shell:Creating prefix chain script '/home/darell/dev_ws/src/my_package/install/setup.zsh'
